c:\users\denma\desktop\programming stuff\c++\section_02\bullcowgame\debug\vc141.pdb
c:\users\denma\desktop\programming stuff\c++\section_02\bullcowgame\debug\vc141.idb
c:\users\denma\desktop\programming stuff\c++\section_02\bullcowgame\debug\fbullcowgame.obj
c:\users\denma\desktop\programming stuff\c++\section_02\bullcowgame\debug\main.obj
c:\users\denma\documents\repo\bullcowgame\bullcowgame\bullcowgame\debug\vc141.pdb
c:\users\denma\documents\repo\bullcowgame\bullcowgame\bullcowgame\debug\vc141.idb
c:\users\denma\documents\repo\bullcowgame\bullcowgame\bullcowgame\debug\fbullcowgame.obj
c:\users\denma\documents\repo\bullcowgame\bullcowgame\bullcowgame\debug\main.obj
c:\users\denma\desktop\programming stuff\c++\section_02\debug\bullcowgame.exe
c:\users\denma\desktop\programming stuff\c++\section_02\debug\bullcowgame.ilk
c:\users\denma\desktop\programming stuff\c++\section_02\debug\bullcowgame.pdb
c:\users\denma\documents\repo\bullcowgame\bullcowgame\debug\bullcowgame.exe
c:\users\denma\documents\repo\bullcowgame\bullcowgame\debug\bullcowgame.ilk
c:\users\denma\documents\repo\bullcowgame\bullcowgame\debug\bullcowgame.pdb
c:\users\denma\documents\repo\bullcowgame\bullcowgame\bullcowgame\debug\bullcowgame.tlog\cl.command.1.tlog
c:\users\denma\documents\repo\bullcowgame\bullcowgame\bullcowgame\debug\bullcowgame.tlog\cl.read.1.tlog
c:\users\denma\documents\repo\bullcowgame\bullcowgame\bullcowgame\debug\bullcowgame.tlog\cl.write.1.tlog
c:\users\denma\documents\repo\bullcowgame\bullcowgame\bullcowgame\debug\bullcowgame.tlog\link.command.1.tlog
c:\users\denma\documents\repo\bullcowgame\bullcowgame\bullcowgame\debug\bullcowgame.tlog\link.read.1.tlog
c:\users\denma\documents\repo\bullcowgame\bullcowgame\bullcowgame\debug\bullcowgame.tlog\link.write.1.tlog
